[2021-04-12 15:33:52,043] multiqc                                            [DEBUG  ]  No MultiQC config found: /users/PAS1752/nghinguyen/.conda/envs/multiqc-env/lib/python3.7/site-packages/multiqc_config.yaml
[2021-04-12 15:33:52,043] multiqc                                            [DEBUG  ]  No MultiQC config found: /users/PAS1752/nghinguyen/.multiqc_config.yaml
[2021-04-12 15:33:52,043] multiqc                                            [DEBUG  ]  No MultiQC config found: multiqc_config.yaml
[2021-04-12 15:33:52,043] multiqc                                            [DEBUG  ]  Command used: /users/PAS1752/nghinguyen/.conda/envs/multiqc-env/bin/multiqc QC/ -o multiqc_out/
[2021-04-12 15:33:52,727] multiqc                                            [WARNING]  MultiQC Version v1.10.1 now available!
[2021-04-12 15:33:52,728] multiqc                                            [INFO   ]  This is MultiQC v1.9
[2021-04-12 15:33:52,728] multiqc                                            [DEBUG  ]  Command     : /users/PAS1752/nghinguyen/.conda/envs/multiqc-env/bin/multiqc QC/ -o multiqc_out/
[2021-04-12 15:33:52,728] multiqc                                            [DEBUG  ]  Working dir : /fs/ess/PAS1855/users/nghinguyen/FinalProject
[2021-04-12 15:33:52,728] multiqc                                            [INFO   ]  Template    : default
[2021-04-12 15:33:52,728] multiqc                                            [DEBUG  ]  Running Python 3.7.9 | packaged by conda-forge | (default, Feb 13 2021, 20:03:11)  [GCC 9.3.0]
[2021-04-12 15:33:52,728] multiqc                                            [INFO   ]  Searching   : /fs/ess/PAS1855/users/nghinguyen/FinalProject/QC
[2021-04-12 15:33:52,729] multiqc                                            [DEBUG  ]  Analysing modules: custom_content, conpair, peddy, somalier, methylQA, mosdepth, phantompeakqualtools, qualimap, preseq, quast, qorts, rna_seqc, rockhopper, rsem, rseqc, busco, goleft_indexcov, disambiguate, supernova, deeptools, sargasso, verifybamid, mirtrace, happy, mirtop, homer, macs2, theta2, snpeff, gatk, htseq, bcftools, featureCounts, fgbio, dragen, dedup, damageprofiler, biobambam2, mtnucratio, picard, prokka, samblaster, samtools, sexdeterrmine, bamtools, jellyfish, vcftools, longranger, stacks, varscan2, bbmap, bismark, biscuit, hicexplorer, hicup, hicpro, salmon, kallisto, slamdunk, star, hisat2, tophat, bowtie2, bowtie1, snpsplit, kat, leehom, adapterRemoval, clipandmerge, cutadapt, flexbar, kaiju, kraken, malt, trimmomatic, sickle, skewer, sortmerna, biobloomtools, fastq_screen, afterqc, fastp, fastqc, pycoqc, minionqc, multivcfanalyzer, clusterflow, bcl2fastq, interop, ivar, flash, seqyclean
[2021-04-12 15:33:52,730] multiqc                                            [DEBUG  ]  Using temporary directory for creating report: /tmp/tmpc5na59ki
[2021-04-12 15:33:52,929] multiqc                                            [DEBUG  ]  File ignored by hicexplorer because it exceeded search pattern filesize limit: SRR9113336_2_fastqc.html
[2021-04-12 15:33:52,936] multiqc                                            [DEBUG  ]  File ignored by longranger/invocation because it exceeded search pattern filesize limit: SRR9113336_2_fastqc.html
[2021-04-12 15:33:52,985] multiqc                                            [DEBUG  ]  File ignored by hicexplorer because it exceeded search pattern filesize limit: SRR9113334_1_fastqc.html
[2021-04-12 15:33:52,990] multiqc                                            [DEBUG  ]  File ignored by longranger/invocation because it exceeded search pattern filesize limit: SRR9113334_1_fastqc.html
[2021-04-12 15:33:53,029] multiqc                                            [DEBUG  ]  File ignored by hicexplorer because it exceeded search pattern filesize limit: SRR9113334_2_fastqc.html
[2021-04-12 15:33:53,033] multiqc                                            [DEBUG  ]  File ignored by longranger/invocation because it exceeded search pattern filesize limit: SRR9113334_2_fastqc.html
[2021-04-12 15:33:53,069] multiqc                                            [DEBUG  ]  File ignored by hicexplorer because it exceeded search pattern filesize limit: SRR9113335_2_fastqc.html
[2021-04-12 15:33:53,073] multiqc                                            [DEBUG  ]  File ignored by longranger/invocation because it exceeded search pattern filesize limit: SRR9113335_2_fastqc.html
[2021-04-12 15:33:53,124] multiqc                                            [DEBUG  ]  File ignored by hicexplorer because it exceeded search pattern filesize limit: SRR9113336_1_fastqc.html
[2021-04-12 15:33:53,127] multiqc                                            [DEBUG  ]  File ignored by longranger/invocation because it exceeded search pattern filesize limit: SRR9113336_1_fastqc.html
[2021-04-12 15:33:53,185] multiqc                                            [DEBUG  ]  File ignored by hicexplorer because it exceeded search pattern filesize limit: SRR9113335_1_fastqc.html
[2021-04-12 15:33:53,190] multiqc                                            [DEBUG  ]  File ignored by longranger/invocation because it exceeded search pattern filesize limit: SRR9113335_1_fastqc.html
[2021-04-12 15:33:53,834] multiqc.plots.bargraph                             [DEBUG  ]  Using matplotlib version 3.3.4
[2021-04-12 15:33:53,836] multiqc.plots.linegraph                            [DEBUG  ]  Using matplotlib version 3.3.4
[2021-04-12 15:33:53,839] multiqc                                            [DEBUG  ]  No samples found: custom_content
[2021-04-12 15:33:53,846] multiqc                                            [DEBUG  ]  No samples found: conpair
[2021-04-12 15:33:53,853] multiqc                                            [DEBUG  ]  No samples found: peddy
[2021-04-12 15:33:53,860] multiqc                                            [DEBUG  ]  No samples found: somalier
[2021-04-12 15:33:53,866] multiqc                                            [DEBUG  ]  No samples found: methylQA
[2021-04-12 15:33:53,877] multiqc                                            [DEBUG  ]  No samples found: mosdepth
[2021-04-12 15:33:53,884] multiqc                                            [DEBUG  ]  No samples found: phantompeakqualtools
[2021-04-12 15:33:53,889] multiqc                                            [DEBUG  ]  No samples found: qualimap
[2021-04-12 15:33:53,897] multiqc                                            [DEBUG  ]  No samples found: preseq
[2021-04-12 15:33:53,904] multiqc                                            [DEBUG  ]  No samples found: quast
[2021-04-12 15:33:53,911] multiqc                                            [DEBUG  ]  No samples found: qorts
[2021-04-12 15:33:53,918] multiqc                                            [DEBUG  ]  No samples found: rna_seqc
[2021-04-12 15:33:53,924] multiqc                                            [DEBUG  ]  No samples found: rockhopper
[2021-04-12 15:33:53,931] multiqc                                            [DEBUG  ]  No samples found: rsem
[2021-04-12 15:33:53,945] multiqc                                            [DEBUG  ]  No samples found: rseqc
[2021-04-12 15:33:53,952] multiqc                                            [DEBUG  ]  No samples found: busco
[2021-04-12 15:33:53,958] multiqc                                            [DEBUG  ]  No samples found: goleft_indexcov
[2021-04-12 15:33:53,964] multiqc                                            [DEBUG  ]  No samples found: disambiguate
[2021-04-12 15:33:53,970] multiqc                                            [DEBUG  ]  No samples found: supernova
[2021-04-12 15:33:53,986] multiqc                                            [DEBUG  ]  No samples found: deeptools
[2021-04-12 15:33:53,993] multiqc                                            [DEBUG  ]  No samples found: sargasso
[2021-04-12 15:33:54,000] multiqc                                            [DEBUG  ]  No samples found: verifybamid
[2021-04-12 15:33:54,007] multiqc                                            [DEBUG  ]  No samples found: mirtrace
[2021-04-12 15:33:54,013] multiqc                                            [DEBUG  ]  No samples found: happy
[2021-04-12 15:33:54,020] multiqc                                            [DEBUG  ]  No samples found: mirtop
[2021-04-12 15:33:54,028] multiqc                                            [DEBUG  ]  No samples found: homer
[2021-04-12 15:33:54,035] multiqc                                            [DEBUG  ]  No samples found: macs2
[2021-04-12 15:33:54,041] multiqc                                            [DEBUG  ]  No samples found: theta2
[2021-04-12 15:33:54,048] multiqc                                            [DEBUG  ]  No samples found: snpeff
[2021-04-12 15:33:54,057] multiqc                                            [DEBUG  ]  No samples found: gatk
[2021-04-12 15:33:54,063] multiqc                                            [DEBUG  ]  No samples found: htseq
[2021-04-12 15:33:54,071] multiqc                                            [DEBUG  ]  No samples found: bcftools
[2021-04-12 15:33:54,077] multiqc                                            [DEBUG  ]  No samples found: featureCounts
[2021-04-12 15:33:54,086] multiqc                                            [DEBUG  ]  No samples found: fgbio
[2021-04-12 15:33:54,101] multiqc                                            [DEBUG  ]  No samples found: dragen
[2021-04-12 15:33:54,108] multiqc                                            [DEBUG  ]  No samples found: dedup
[2021-04-12 15:33:54,115] multiqc                                            [DEBUG  ]  No samples found: damageprofiler
[2021-04-12 15:33:54,143] multiqc                                            [DEBUG  ]  No samples found: biobambam2
[2021-04-12 15:33:54,150] multiqc                                            [DEBUG  ]  No samples found: mtnucratio
[2021-04-12 15:33:54,154] multiqc                                            [DEBUG  ]  No samples found: picard
[2021-04-12 15:33:54,161] multiqc                                            [DEBUG  ]  No samples found: prokka
[2021-04-12 15:33:54,168] multiqc                                            [DEBUG  ]  No samples found: samblaster
[2021-04-12 15:33:54,178] multiqc                                            [DEBUG  ]  No samples found: samtools
[2021-04-12 15:33:54,184] multiqc                                            [DEBUG  ]  No samples found: sexdeterrmine
[2021-04-12 15:33:54,193] multiqc                                            [DEBUG  ]  No samples found: bamtools
[2021-04-12 15:33:54,203] multiqc                                            [DEBUG  ]  No samples found: jellyfish
[2021-04-12 15:33:54,217] multiqc                                            [DEBUG  ]  No samples found: vcftools
[2021-04-12 15:33:54,226] multiqc                                            [DEBUG  ]  No samples found: longranger
[2021-04-12 15:33:54,235] multiqc                                            [DEBUG  ]  No samples found: stacks
[2021-04-12 15:33:54,244] multiqc                                            [DEBUG  ]  No samples found: varscan2
[2021-04-12 15:33:54,266] multiqc                                            [DEBUG  ]  No samples found: bbmap
[2021-04-12 15:33:54,274] multiqc                                            [DEBUG  ]  No samples found: bismark
[2021-04-12 15:33:54,283] multiqc                                            [DEBUG  ]  No samples found: biscuit
[2021-04-12 15:33:54,290] multiqc                                            [DEBUG  ]  No samples found: hicexplorer
[2021-04-12 15:33:54,297] multiqc                                            [DEBUG  ]  No samples found: hicup
[2021-04-12 15:33:54,305] multiqc                                            [DEBUG  ]  No samples found: hicpro
[2021-04-12 15:33:54,311] multiqc                                            [DEBUG  ]  No samples found: salmon
[2021-04-12 15:33:54,318] multiqc                                            [DEBUG  ]  No samples found: kallisto
[2021-04-12 15:33:54,325] multiqc                                            [DEBUG  ]  No samples found: slamdunk
[2021-04-12 15:33:54,332] multiqc                                            [DEBUG  ]  No samples found: star
[2021-04-12 15:33:54,338] multiqc                                            [DEBUG  ]  No samples found: hisat2
[2021-04-12 15:33:54,345] multiqc                                            [DEBUG  ]  No samples found: tophat
[2021-04-12 15:33:54,351] multiqc                                            [DEBUG  ]  No samples found: bowtie2
[2021-04-12 15:33:54,358] multiqc                                            [DEBUG  ]  No samples found: bowtie1
[2021-04-12 15:33:54,364] multiqc                                            [DEBUG  ]  No samples found: snpsplit
[2021-04-12 15:33:54,370] multiqc                                            [DEBUG  ]  No samples found: kat
[2021-04-12 15:33:54,376] multiqc                                            [DEBUG  ]  No samples found: leehom
[2021-04-12 15:33:54,382] multiqc                                            [DEBUG  ]  No samples found: adapterRemoval
[2021-04-12 15:33:54,389] multiqc                                            [DEBUG  ]  No samples found: clipandmerge
[2021-04-12 15:33:54,396] multiqc                                            [DEBUG  ]  No samples found: cutadapt
[2021-04-12 15:33:54,402] multiqc                                            [DEBUG  ]  No samples found: flexbar
[2021-04-12 15:33:54,408] multiqc                                            [DEBUG  ]  No samples found: kaiju
[2021-04-12 15:33:54,415] multiqc                                            [DEBUG  ]  No samples found: kraken
[2021-04-12 15:33:54,421] multiqc                                            [DEBUG  ]  No samples found: malt
[2021-04-12 15:33:54,427] multiqc                                            [DEBUG  ]  No samples found: trimmomatic
[2021-04-12 15:33:54,433] multiqc                                            [DEBUG  ]  No samples found: sickle
[2021-04-12 15:33:54,440] multiqc                                            [DEBUG  ]  No samples found: skewer
[2021-04-12 15:33:54,446] multiqc                                            [DEBUG  ]  No samples found: sortmerna
[2021-04-12 15:33:54,452] multiqc                                            [DEBUG  ]  No samples found: biobloomtools
[2021-04-12 15:33:54,458] multiqc                                            [DEBUG  ]  No samples found: fastq_screen
[2021-04-12 15:33:54,465] multiqc                                            [DEBUG  ]  No samples found: afterqc
[2021-04-12 15:33:54,471] multiqc                                            [DEBUG  ]  No samples found: fastp
[2021-04-12 15:33:54,498] multiqc.modules.fastqc.fastqc                      [INFO   ]  Found 6 reports
[2021-04-12 15:33:54,595] multiqc                                            [DEBUG  ]  No samples found: pycoqc
[2021-04-12 15:33:54,600] multiqc                                            [DEBUG  ]  No samples found: minionqc
[2021-04-12 15:33:54,605] multiqc                                            [DEBUG  ]  No samples found: multivcfanalyzer
[2021-04-12 15:33:54,610] multiqc                                            [DEBUG  ]  No samples found: clusterflow
[2021-04-12 15:33:54,615] multiqc                                            [DEBUG  ]  No samples found: bcl2fastq
[2021-04-12 15:33:54,619] multiqc                                            [DEBUG  ]  No samples found: interop
[2021-04-12 15:33:54,624] multiqc                                            [DEBUG  ]  No samples found: ivar
[2021-04-12 15:33:54,629] multiqc                                            [DEBUG  ]  No samples found: flash
[2021-04-12 15:33:54,634] multiqc                                            [DEBUG  ]  No samples found: seqyclean
[2021-04-12 15:33:54,640] multiqc                                            [INFO   ]  Compressing plot data
[2021-04-12 15:33:54,713] multiqc                                            [INFO   ]  Report      : multiqc_out/multiqc_report.html
[2021-04-12 15:33:54,713] multiqc                                            [INFO   ]  Data        : multiqc_out/multiqc_data
[2021-04-12 15:33:54,713] multiqc                                            [DEBUG  ]  Moving data file from '/tmp/tmpc5na59ki/multiqc_data' to 'multiqc_out/multiqc_data'
[2021-04-12 15:33:54,847] multiqc                                            [INFO   ]  MultiQC complete
